<?xml version="1.0" encoding="UTF-8"?>
<testsuite xmlns:xsi="http://www.w3.org/2001/XMLSchema-instance" xsi:noNamespaceSchemaLocation="https://maven.apache.org/surefire/maven-surefire-plugin/xsd/surefire-test-report.xsd" name="com.apbdoo.hrm.controller.FunctieControllerTest" time="23.476" tests="2" errors="0" skipped="0" failures="0">
  <properties>
    <property name="sun.desktop" value="windows"/>
    <property name="awt.toolkit" value="sun.awt.windows.WToolkit"/>
    <property name="file.encoding.pkg" value="sun.io"/>
    <property name="java.specification.version" value="1.8"/>
    <property name="sun.cpu.isalist" value="amd64"/>
    <property name="sun.jnu.encoding" value="Cp1250"/>
    <property name="java.class.path" value="C:\Users\alexanen\Desktop\CursAOP\HRManagement\target\test-classes;C:\Users\alexanen\Desktop\CursAOP\HRManagement\target\classes;D:\cargospot-maven\mvn-local-repo\org\aspectj\aspectjrt\1.8.9\aspectjrt-1.8.9.jar;D:\cargospot-maven\mvn-local-repo\org\aspectj\aspectjweaver\1.8.7\aspectjweaver-1.8.7.jar;D:\cargospot-maven\mvn-local-repo\org\springframework\boot\spring-boot-starter-data-jpa\2.1.0.RELEASE\spring-boot-starter-data-jpa-2.1.0.RELEASE.jar;D:\cargospot-maven\mvn-local-repo\org\springframework\boot\spring-boot-starter-aop\2.1.0.RELEASE\spring-boot-starter-aop-2.1.0.RELEASE.jar;D:\cargospot-maven\mvn-local-repo\org\springframework\boot\spring-boot-starter-jdbc\2.1.0.RELEASE\spring-boot-starter-jdbc-2.1.0.RELEASE.jar;D:\cargospot-maven\mvn-local-repo\com\zaxxer\HikariCP\3.2.0\HikariCP-3.2.0.jar;D:\cargospot-maven\mvn-local-repo\org\springframework\spring-jdbc\5.1.2.RELEASE\spring-jdbc-5.1.2.RELEASE.jar;D:\cargospot-maven\mvn-local-repo\javax\transaction\javax.transaction-api\1.3\javax.transaction-api-1.3.jar;D:\cargospot-maven\mvn-local-repo\javax\xml\bind\jaxb-api\2.3.1\jaxb-api-2.3.1.jar;D:\cargospot-maven\mvn-local-repo\javax\activation\javax.activation-api\1.2.0\javax.activation-api-1.2.0.jar;D:\cargospot-maven\mvn-local-repo\org\hibernate\hibernate-core\5.3.7.Final\hibernate-core-5.3.7.Final.jar;D:\cargospot-maven\mvn-local-repo\org\jboss\logging\jboss-logging\3.3.2.Final\jboss-logging-3.3.2.Final.jar;D:\cargospot-maven\mvn-local-repo\javax\persistence\javax.persistence-api\2.2\javax.persistence-api-2.2.jar;D:\cargospot-maven\mvn-local-repo\org\javassist\javassist\3.23.1-GA\javassist-3.23.1-GA.jar;D:\cargospot-maven\mvn-local-repo\net\bytebuddy\byte-buddy\1.9.3\byte-buddy-1.9.3.jar;D:\cargospot-maven\mvn-local-repo\antlr\antlr\2.7.7\antlr-2.7.7.jar;D:\cargospot-maven\mvn-local-repo\org\jboss\jandex\2.0.5.Final\jandex-2.0.5.Final.jar;D:\cargospot-maven\mvn-local-repo\com\fasterxml\classmate\1.4.0\classmate-1.4.0.jar;D:\cargospot-maven\mvn-local-repo\org\dom4j\dom4j\2.1.1\dom4j-2.1.1.jar;D:\cargospot-maven\mvn-local-repo\org\hibernate\common\hibernate-commons-annotations\5.0.4.Final\hibernate-commons-annotations-5.0.4.Final.jar;D:\cargospot-maven\mvn-local-repo\org\springframework\data\spring-data-jpa\2.1.2.RELEASE\spring-data-jpa-2.1.2.RELEASE.jar;D:\cargospot-maven\mvn-local-repo\org\springframework\data\spring-data-commons\2.1.2.RELEASE\spring-data-commons-2.1.2.RELEASE.jar;D:\cargospot-maven\mvn-local-repo\org\springframework\spring-orm\5.1.2.RELEASE\spring-orm-5.1.2.RELEASE.jar;D:\cargospot-maven\mvn-local-repo\org\springframework\spring-tx\5.1.2.RELEASE\spring-tx-5.1.2.RELEASE.jar;D:\cargospot-maven\mvn-local-repo\org\springframework\spring-aspects\5.1.2.RELEASE\spring-aspects-5.1.2.RELEASE.jar;D:\cargospot-maven\mvn-local-repo\org\springframework\boot\spring-boot-starter-thymeleaf\2.1.0.RELEASE\spring-boot-starter-thymeleaf-2.1.0.RELEASE.jar;D:\cargospot-maven\mvn-local-repo\org\springframework\boot\spring-boot-starter\2.1.0.RELEASE\spring-boot-starter-2.1.0.RELEASE.jar;D:\cargospot-maven\mvn-local-repo\org\springframework\boot\spring-boot-starter-logging\2.1.0.RELEASE\spring-boot-starter-logging-2.1.0.RELEASE.jar;D:\cargospot-maven\mvn-local-repo\ch\qos\logback\logback-classic\1.2.3\logback-classic-1.2.3.jar;D:\cargospot-maven\mvn-local-repo\ch\qos\logback\logback-core\1.2.3\logback-core-1.2.3.jar;D:\cargospot-maven\mvn-local-repo\org\apache\logging\log4j\log4j-to-slf4j\2.11.1\log4j-to-slf4j-2.11.1.jar;D:\cargospot-maven\mvn-local-repo\org\apache\logging\log4j\log4j-api\2.11.1\log4j-api-2.11.1.jar;D:\cargospot-maven\mvn-local-repo\org\slf4j\jul-to-slf4j\1.7.25\jul-to-slf4j-1.7.25.jar;D:\cargospot-maven\mvn-local-repo\javax\annotation\javax.annotation-api\1.3.2\javax.annotation-api-1.3.2.jar;D:\cargospot-maven\mvn-local-repo\org\yaml\snakeyaml\1.23\snakeyaml-1.23.jar;D:\cargospot-maven\mvn-local-repo\org\thymeleaf\thymeleaf-spring5\3.0.11.RELEASE\thymeleaf-spring5-3.0.11.RELEASE.jar;D:\cargospot-maven\mvn-local-repo\org\thymeleaf\thymeleaf\3.0.11.RELEASE\thymeleaf-3.0.11.RELEASE.jar;D:\cargospot-maven\mvn-local-repo\org\attoparser\attoparser\2.0.5.RELEASE\attoparser-2.0.5.RELEASE.jar;D:\cargospot-maven\mvn-local-repo\org\unbescape\unbescape\1.1.6.RELEASE\unbescape-1.1.6.RELEASE.jar;D:\cargospot-maven\mvn-local-repo\org\thymeleaf\extras\thymeleaf-extras-java8time\3.0.1.RELEASE\thymeleaf-extras-java8time-3.0.1.RELEASE.jar;D:\cargospot-maven\mvn-local-repo\org\springframework\boot\spring-boot-starter-web\2.1.0.RELEASE\spring-boot-starter-web-2.1.0.RELEASE.jar;D:\cargospot-maven\mvn-local-repo\org\springframework\boot\spring-boot-starter-json\2.1.0.RELEASE\spring-boot-starter-json-2.1.0.RELEASE.jar;D:\cargospot-maven\mvn-local-repo\com\fasterxml\jackson\core\jackson-databind\2.9.7\jackson-databind-2.9.7.jar;D:\cargospot-maven\mvn-local-repo\com\fasterxml\jackson\core\jackson-annotations\2.9.0\jackson-annotations-2.9.0.jar;D:\cargospot-maven\mvn-local-repo\com\fasterxml\jackson\core\jackson-core\2.9.7\jackson-core-2.9.7.jar;D:\cargospot-maven\mvn-local-repo\com\fasterxml\jackson\datatype\jackson-datatype-jdk8\2.9.7\jackson-datatype-jdk8-2.9.7.jar;D:\cargospot-maven\mvn-local-repo\com\fasterxml\jackson\datatype\jackson-datatype-jsr310\2.9.7\jackson-datatype-jsr310-2.9.7.jar;D:\cargospot-maven\mvn-local-repo\com\fasterxml\jackson\module\jackson-module-parameter-names\2.9.7\jackson-module-parameter-names-2.9.7.jar;D:\cargospot-maven\mvn-local-repo\org\springframework\boot\spring-boot-starter-tomcat\2.1.0.RELEASE\spring-boot-starter-tomcat-2.1.0.RELEASE.jar;D:\cargospot-maven\mvn-local-repo\org\apache\tomcat\embed\tomcat-embed-core\9.0.12\tomcat-embed-core-9.0.12.jar;D:\cargospot-maven\mvn-local-repo\org\apache\tomcat\embed\tomcat-embed-el\9.0.12\tomcat-embed-el-9.0.12.jar;D:\cargospot-maven\mvn-local-repo\org\apache\tomcat\embed\tomcat-embed-websocket\9.0.12\tomcat-embed-websocket-9.0.12.jar;D:\cargospot-maven\mvn-local-repo\org\hibernate\validator\hibernate-validator\6.0.13.Final\hibernate-validator-6.0.13.Final.jar;D:\cargospot-maven\mvn-local-repo\javax\validation\validation-api\2.0.1.Final\validation-api-2.0.1.Final.jar;D:\cargospot-maven\mvn-local-repo\org\springframework\spring-web\5.1.2.RELEASE\spring-web-5.1.2.RELEASE.jar;D:\cargospot-maven\mvn-local-repo\org\springframework\spring-webmvc\5.1.2.RELEASE\spring-webmvc-5.1.2.RELEASE.jar;D:\cargospot-maven\mvn-local-repo\org\springframework\security\spring-security-web\5.1.2.RELEASE\spring-security-web-5.1.2.RELEASE.jar;D:\cargospot-maven\mvn-local-repo\org\springframework\security\spring-security-core\5.1.1.RELEASE\spring-security-core-5.1.1.RELEASE.jar;D:\cargospot-maven\mvn-local-repo\org\springframework\spring-aop\5.1.2.RELEASE\spring-aop-5.1.2.RELEASE.jar;D:\cargospot-maven\mvn-local-repo\org\springframework\spring-beans\5.1.2.RELEASE\spring-beans-5.1.2.RELEASE.jar;D:\cargospot-maven\mvn-local-repo\org\springframework\spring-context\5.1.2.RELEASE\spring-context-5.1.2.RELEASE.jar;D:\cargospot-maven\mvn-local-repo\org\springframework\spring-core\5.1.2.RELEASE\spring-core-5.1.2.RELEASE.jar;D:\cargospot-maven\mvn-local-repo\org\springframework\spring-jcl\5.1.2.RELEASE\spring-jcl-5.1.2.RELEASE.jar;D:\cargospot-maven\mvn-local-repo\org\springframework\spring-expression\5.1.2.RELEASE\spring-expression-5.1.2.RELEASE.jar;D:\cargospot-maven\mvn-local-repo\org\springframework\security\spring-security-config\5.1.2.RELEASE\spring-security-config-5.1.2.RELEASE.jar;D:\cargospot-maven\mvn-local-repo\org\springframework\security\spring-security-test\4.2.2.RELEASE\spring-security-test-4.2.2.RELEASE.jar;D:\cargospot-maven\mvn-local-repo\org\springframework\spring-test\5.1.2.RELEASE\spring-test-5.1.2.RELEASE.jar;D:\cargospot-maven\mvn-local-repo\org\springframework\boot\spring-boot-devtools\2.1.0.RELEASE\spring-boot-devtools-2.1.0.RELEASE.jar;D:\cargospot-maven\mvn-local-repo\org\springframework\boot\spring-boot\2.1.0.RELEASE\spring-boot-2.1.0.RELEASE.jar;D:\cargospot-maven\mvn-local-repo\org\springframework\boot\spring-boot-autoconfigure\2.1.0.RELEASE\spring-boot-autoconfigure-2.1.0.RELEASE.jar;D:\cargospot-maven\mvn-local-repo\mysql\mysql-connector-java\8.0.13\mysql-connector-java-8.0.13.jar;D:\cargospot-maven\mvn-local-repo\com\h2database\h2\1.4.197\h2-1.4.197.jar;D:\cargospot-maven\mvn-local-repo\org\springframework\boot\spring-boot-starter-test\2.1.0.RELEASE\spring-boot-starter-test-2.1.0.RELEASE.jar;D:\cargospot-maven\mvn-local-repo\org\springframework\boot\spring-boot-test\2.1.0.RELEASE\spring-boot-test-2.1.0.RELEASE.jar;D:\cargospot-maven\mvn-local-repo\org\springframework\boot\spring-boot-test-autoconfigure\2.1.0.RELEASE\spring-boot-test-autoconfigure-2.1.0.RELEASE.jar;D:\cargospot-maven\mvn-local-repo\com\jayway\jsonpath\json-path\2.4.0\json-path-2.4.0.jar;D:\cargospot-maven\mvn-local-repo\net\minidev\json-smart\2.3\json-smart-2.3.jar;D:\cargospot-maven\mvn-local-repo\net\minidev\accessors-smart\1.2\accessors-smart-1.2.jar;D:\cargospot-maven\mvn-local-repo\org\ow2\asm\asm\5.0.4\asm-5.0.4.jar;D:\cargospot-maven\mvn-local-repo\junit\junit\4.12\junit-4.12.jar;D:\cargospot-maven\mvn-local-repo\org\assertj\assertj-core\3.11.1\assertj-core-3.11.1.jar;D:\cargospot-maven\mvn-local-repo\org\mockito\mockito-core\2.23.0\mockito-core-2.23.0.jar;D:\cargospot-maven\mvn-local-repo\net\bytebuddy\byte-buddy-agent\1.9.3\byte-buddy-agent-1.9.3.jar;D:\cargospot-maven\mvn-local-repo\org\objenesis\objenesis\2.6\objenesis-2.6.jar;D:\cargospot-maven\mvn-local-repo\org\hamcrest\hamcrest-core\1.3\hamcrest-core-1.3.jar;D:\cargospot-maven\mvn-local-repo\org\hamcrest\hamcrest-library\1.3\hamcrest-library-1.3.jar;D:\cargospot-maven\mvn-local-repo\org\skyscreamer\jsonassert\1.5.0\jsonassert-1.5.0.jar;D:\cargospot-maven\mvn-local-repo\com\vaadin\external\google\android-json\0.0.20131108.vaadin1\android-json-0.0.20131108.vaadin1.jar;D:\cargospot-maven\mvn-local-repo\org\xmlunit\xmlunit-core\2.6.2\xmlunit-core-2.6.2.jar;D:\cargospot-maven\mvn-local-repo\org\projectlombok\lombok\1.18.2\lombok-1.18.2.jar;D:\cargospot-maven\mvn-local-repo\org\webjars\bootstrap\3.3.7-1\bootstrap-3.3.7-1.jar;D:\cargospot-maven\mvn-local-repo\org\webjars\jquery\1.11.1\jquery-1.11.1.jar;D:\cargospot-maven\mvn-local-repo\org\slf4j\slf4j-api\1.7.25\slf4j-api-1.7.25.jar;D:\cargospot-maven\mvn-local-repo\org\slf4j\slf4j-jdk14\1.7.25\slf4j-jdk14-1.7.25.jar;"/>
    <property name="java.vm.vendor" value="Oracle Corporation"/>
    <property name="sun.arch.data.model" value="64"/>
    <property name="user.variant" value=""/>
    <property name="java.vendor.url" value="http://java.oracle.com/"/>
    <property name="user.timezone" value="Europe/Athens"/>
    <property name="user.country.format" value="RO"/>
    <property name="java.vm.specification.version" value="1.8"/>
    <property name="os.name" value="Windows 10"/>
    <property name="user.country" value="US"/>
    <property name="sun.java.launcher" value="SUN_STANDARD"/>
    <property name="sun.boot.library.path" value="D:\cargospot-maven\dev-tools\jdk\jdk1.8.0_152\jre\bin"/>
    <property name="sun.java.command" value="C:\Users\alexanen\AppData\Local\Temp\surefire3798912606482833044\surefirebooter3971176919578069898.jar C:\Users\alexanen\AppData\Local\Temp\surefire3798912606482833044 2020-03-30T15-56-31_796-jvmRun1 surefire1153808676542294708tmp surefire_0210879892404445496tmp"/>
    <property name="surefire.test.class.path" value="C:\Users\alexanen\Desktop\CursAOP\HRManagement\target\test-classes;C:\Users\alexanen\Desktop\CursAOP\HRManagement\target\classes;D:\cargospot-maven\mvn-local-repo\org\aspectj\aspectjrt\1.8.9\aspectjrt-1.8.9.jar;D:\cargospot-maven\mvn-local-repo\org\aspectj\aspectjweaver\1.8.7\aspectjweaver-1.8.7.jar;D:\cargospot-maven\mvn-local-repo\org\springframework\boot\spring-boot-starter-data-jpa\2.1.0.RELEASE\spring-boot-starter-data-jpa-2.1.0.RELEASE.jar;D:\cargospot-maven\mvn-local-repo\org\springframework\boot\spring-boot-starter-aop\2.1.0.RELEASE\spring-boot-starter-aop-2.1.0.RELEASE.jar;D:\cargospot-maven\mvn-local-repo\org\springframework\boot\spring-boot-starter-jdbc\2.1.0.RELEASE\spring-boot-starter-jdbc-2.1.0.RELEASE.jar;D:\cargospot-maven\mvn-local-repo\com\zaxxer\HikariCP\3.2.0\HikariCP-3.2.0.jar;D:\cargospot-maven\mvn-local-repo\org\springframework\spring-jdbc\5.1.2.RELEASE\spring-jdbc-5.1.2.RELEASE.jar;D:\cargospot-maven\mvn-local-repo\javax\transaction\javax.transaction-api\1.3\javax.transaction-api-1.3.jar;D:\cargospot-maven\mvn-local-repo\javax\xml\bind\jaxb-api\2.3.1\jaxb-api-2.3.1.jar;D:\cargospot-maven\mvn-local-repo\javax\activation\javax.activation-api\1.2.0\javax.activation-api-1.2.0.jar;D:\cargospot-maven\mvn-local-repo\org\hibernate\hibernate-core\5.3.7.Final\hibernate-core-5.3.7.Final.jar;D:\cargospot-maven\mvn-local-repo\org\jboss\logging\jboss-logging\3.3.2.Final\jboss-logging-3.3.2.Final.jar;D:\cargospot-maven\mvn-local-repo\javax\persistence\javax.persistence-api\2.2\javax.persistence-api-2.2.jar;D:\cargospot-maven\mvn-local-repo\org\javassist\javassist\3.23.1-GA\javassist-3.23.1-GA.jar;D:\cargospot-maven\mvn-local-repo\net\bytebuddy\byte-buddy\1.9.3\byte-buddy-1.9.3.jar;D:\cargospot-maven\mvn-local-repo\antlr\antlr\2.7.7\antlr-2.7.7.jar;D:\cargospot-maven\mvn-local-repo\org\jboss\jandex\2.0.5.Final\jandex-2.0.5.Final.jar;D:\cargospot-maven\mvn-local-repo\com\fasterxml\classmate\1.4.0\classmate-1.4.0.jar;D:\cargospot-maven\mvn-local-repo\org\dom4j\dom4j\2.1.1\dom4j-2.1.1.jar;D:\cargospot-maven\mvn-local-repo\org\hibernate\common\hibernate-commons-annotations\5.0.4.Final\hibernate-commons-annotations-5.0.4.Final.jar;D:\cargospot-maven\mvn-local-repo\org\springframework\data\spring-data-jpa\2.1.2.RELEASE\spring-data-jpa-2.1.2.RELEASE.jar;D:\cargospot-maven\mvn-local-repo\org\springframework\data\spring-data-commons\2.1.2.RELEASE\spring-data-commons-2.1.2.RELEASE.jar;D:\cargospot-maven\mvn-local-repo\org\springframework\spring-orm\5.1.2.RELEASE\spring-orm-5.1.2.RELEASE.jar;D:\cargospot-maven\mvn-local-repo\org\springframework\spring-tx\5.1.2.RELEASE\spring-tx-5.1.2.RELEASE.jar;D:\cargospot-maven\mvn-local-repo\org\springframework\spring-aspects\5.1.2.RELEASE\spring-aspects-5.1.2.RELEASE.jar;D:\cargospot-maven\mvn-local-repo\org\springframework\boot\spring-boot-starter-thymeleaf\2.1.0.RELEASE\spring-boot-starter-thymeleaf-2.1.0.RELEASE.jar;D:\cargospot-maven\mvn-local-repo\org\springframework\boot\spring-boot-starter\2.1.0.RELEASE\spring-boot-starter-2.1.0.RELEASE.jar;D:\cargospot-maven\mvn-local-repo\org\springframework\boot\spring-boot-starter-logging\2.1.0.RELEASE\spring-boot-starter-logging-2.1.0.RELEASE.jar;D:\cargospot-maven\mvn-local-repo\ch\qos\logback\logback-classic\1.2.3\logback-classic-1.2.3.jar;D:\cargospot-maven\mvn-local-repo\ch\qos\logback\logback-core\1.2.3\logback-core-1.2.3.jar;D:\cargospot-maven\mvn-local-repo\org\apache\logging\log4j\log4j-to-slf4j\2.11.1\log4j-to-slf4j-2.11.1.jar;D:\cargospot-maven\mvn-local-repo\org\apache\logging\log4j\log4j-api\2.11.1\log4j-api-2.11.1.jar;D:\cargospot-maven\mvn-local-repo\org\slf4j\jul-to-slf4j\1.7.25\jul-to-slf4j-1.7.25.jar;D:\cargospot-maven\mvn-local-repo\javax\annotation\javax.annotation-api\1.3.2\javax.annotation-api-1.3.2.jar;D:\cargospot-maven\mvn-local-repo\org\yaml\snakeyaml\1.23\snakeyaml-1.23.jar;D:\cargospot-maven\mvn-local-repo\org\thymeleaf\thymeleaf-spring5\3.0.11.RELEASE\thymeleaf-spring5-3.0.11.RELEASE.jar;D:\cargospot-maven\mvn-local-repo\org\thymeleaf\thymeleaf\3.0.11.RELEASE\thymeleaf-3.0.11.RELEASE.jar;D:\cargospot-maven\mvn-local-repo\org\attoparser\attoparser\2.0.5.RELEASE\attoparser-2.0.5.RELEASE.jar;D:\cargospot-maven\mvn-local-repo\org\unbescape\unbescape\1.1.6.RELEASE\unbescape-1.1.6.RELEASE.jar;D:\cargospot-maven\mvn-local-repo\org\thymeleaf\extras\thymeleaf-extras-java8time\3.0.1.RELEASE\thymeleaf-extras-java8time-3.0.1.RELEASE.jar;D:\cargospot-maven\mvn-local-repo\org\springframework\boot\spring-boot-starter-web\2.1.0.RELEASE\spring-boot-starter-web-2.1.0.RELEASE.jar;D:\cargospot-maven\mvn-local-repo\org\springframework\boot\spring-boot-starter-json\2.1.0.RELEASE\spring-boot-starter-json-2.1.0.RELEASE.jar;D:\cargospot-maven\mvn-local-repo\com\fasterxml\jackson\core\jackson-databind\2.9.7\jackson-databind-2.9.7.jar;D:\cargospot-maven\mvn-local-repo\com\fasterxml\jackson\core\jackson-annotations\2.9.0\jackson-annotations-2.9.0.jar;D:\cargospot-maven\mvn-local-repo\com\fasterxml\jackson\core\jackson-core\2.9.7\jackson-core-2.9.7.jar;D:\cargospot-maven\mvn-local-repo\com\fasterxml\jackson\datatype\jackson-datatype-jdk8\2.9.7\jackson-datatype-jdk8-2.9.7.jar;D:\cargospot-maven\mvn-local-repo\com\fasterxml\jackson\datatype\jackson-datatype-jsr310\2.9.7\jackson-datatype-jsr310-2.9.7.jar;D:\cargospot-maven\mvn-local-repo\com\fasterxml\jackson\module\jackson-module-parameter-names\2.9.7\jackson-module-parameter-names-2.9.7.jar;D:\cargospot-maven\mvn-local-repo\org\springframework\boot\spring-boot-starter-tomcat\2.1.0.RELEASE\spring-boot-starter-tomcat-2.1.0.RELEASE.jar;D:\cargospot-maven\mvn-local-repo\org\apache\tomcat\embed\tomcat-embed-core\9.0.12\tomcat-embed-core-9.0.12.jar;D:\cargospot-maven\mvn-local-repo\org\apache\tomcat\embed\tomcat-embed-el\9.0.12\tomcat-embed-el-9.0.12.jar;D:\cargospot-maven\mvn-local-repo\org\apache\tomcat\embed\tomcat-embed-websocket\9.0.12\tomcat-embed-websocket-9.0.12.jar;D:\cargospot-maven\mvn-local-repo\org\hibernate\validator\hibernate-validator\6.0.13.Final\hibernate-validator-6.0.13.Final.jar;D:\cargospot-maven\mvn-local-repo\javax\validation\validation-api\2.0.1.Final\validation-api-2.0.1.Final.jar;D:\cargospot-maven\mvn-local-repo\org\springframework\spring-web\5.1.2.RELEASE\spring-web-5.1.2.RELEASE.jar;D:\cargospot-maven\mvn-local-repo\org\springframework\spring-webmvc\5.1.2.RELEASE\spring-webmvc-5.1.2.RELEASE.jar;D:\cargospot-maven\mvn-local-repo\org\springframework\security\spring-security-web\5.1.2.RELEASE\spring-security-web-5.1.2.RELEASE.jar;D:\cargospot-maven\mvn-local-repo\org\springframework\security\spring-security-core\5.1.1.RELEASE\spring-security-core-5.1.1.RELEASE.jar;D:\cargospot-maven\mvn-local-repo\org\springframework\spring-aop\5.1.2.RELEASE\spring-aop-5.1.2.RELEASE.jar;D:\cargospot-maven\mvn-local-repo\org\springframework\spring-beans\5.1.2.RELEASE\spring-beans-5.1.2.RELEASE.jar;D:\cargospot-maven\mvn-local-repo\org\springframework\spring-context\5.1.2.RELEASE\spring-context-5.1.2.RELEASE.jar;D:\cargospot-maven\mvn-local-repo\org\springframework\spring-core\5.1.2.RELEASE\spring-core-5.1.2.RELEASE.jar;D:\cargospot-maven\mvn-local-repo\org\springframework\spring-jcl\5.1.2.RELEASE\spring-jcl-5.1.2.RELEASE.jar;D:\cargospot-maven\mvn-local-repo\org\springframework\spring-expression\5.1.2.RELEASE\spring-expression-5.1.2.RELEASE.jar;D:\cargospot-maven\mvn-local-repo\org\springframework\security\spring-security-config\5.1.2.RELEASE\spring-security-config-5.1.2.RELEASE.jar;D:\cargospot-maven\mvn-local-repo\org\springframework\security\spring-security-test\4.2.2.RELEASE\spring-security-test-4.2.2.RELEASE.jar;D:\cargospot-maven\mvn-local-repo\org\springframework\spring-test\5.1.2.RELEASE\spring-test-5.1.2.RELEASE.jar;D:\cargospot-maven\mvn-local-repo\org\springframework\boot\spring-boot-devtools\2.1.0.RELEASE\spring-boot-devtools-2.1.0.RELEASE.jar;D:\cargospot-maven\mvn-local-repo\org\springframework\boot\spring-boot\2.1.0.RELEASE\spring-boot-2.1.0.RELEASE.jar;D:\cargospot-maven\mvn-local-repo\org\springframework\boot\spring-boot-autoconfigure\2.1.0.RELEASE\spring-boot-autoconfigure-2.1.0.RELEASE.jar;D:\cargospot-maven\mvn-local-repo\mysql\mysql-connector-java\8.0.13\mysql-connector-java-8.0.13.jar;D:\cargospot-maven\mvn-local-repo\com\h2database\h2\1.4.197\h2-1.4.197.jar;D:\cargospot-maven\mvn-local-repo\org\springframework\boot\spring-boot-starter-test\2.1.0.RELEASE\spring-boot-starter-test-2.1.0.RELEASE.jar;D:\cargospot-maven\mvn-local-repo\org\springframework\boot\spring-boot-test\2.1.0.RELEASE\spring-boot-test-2.1.0.RELEASE.jar;D:\cargospot-maven\mvn-local-repo\org\springframework\boot\spring-boot-test-autoconfigure\2.1.0.RELEASE\spring-boot-test-autoconfigure-2.1.0.RELEASE.jar;D:\cargospot-maven\mvn-local-repo\com\jayway\jsonpath\json-path\2.4.0\json-path-2.4.0.jar;D:\cargospot-maven\mvn-local-repo\net\minidev\json-smart\2.3\json-smart-2.3.jar;D:\cargospot-maven\mvn-local-repo\net\minidev\accessors-smart\1.2\accessors-smart-1.2.jar;D:\cargospot-maven\mvn-local-repo\org\ow2\asm\asm\5.0.4\asm-5.0.4.jar;D:\cargospot-maven\mvn-local-repo\junit\junit\4.12\junit-4.12.jar;D:\cargospot-maven\mvn-local-repo\org\assertj\assertj-core\3.11.1\assertj-core-3.11.1.jar;D:\cargospot-maven\mvn-local-repo\org\mockito\mockito-core\2.23.0\mockito-core-2.23.0.jar;D:\cargospot-maven\mvn-local-repo\net\bytebuddy\byte-buddy-agent\1.9.3\byte-buddy-agent-1.9.3.jar;D:\cargospot-maven\mvn-local-repo\org\objenesis\objenesis\2.6\objenesis-2.6.jar;D:\cargospot-maven\mvn-local-repo\org\hamcrest\hamcrest-core\1.3\hamcrest-core-1.3.jar;D:\cargospot-maven\mvn-local-repo\org\hamcrest\hamcrest-library\1.3\hamcrest-library-1.3.jar;D:\cargospot-maven\mvn-local-repo\org\skyscreamer\jsonassert\1.5.0\jsonassert-1.5.0.jar;D:\cargospot-maven\mvn-local-repo\com\vaadin\external\google\android-json\0.0.20131108.vaadin1\android-json-0.0.20131108.vaadin1.jar;D:\cargospot-maven\mvn-local-repo\org\xmlunit\xmlunit-core\2.6.2\xmlunit-core-2.6.2.jar;D:\cargospot-maven\mvn-local-repo\org\projectlombok\lombok\1.18.2\lombok-1.18.2.jar;D:\cargospot-maven\mvn-local-repo\org\webjars\bootstrap\3.3.7-1\bootstrap-3.3.7-1.jar;D:\cargospot-maven\mvn-local-repo\org\webjars\jquery\1.11.1\jquery-1.11.1.jar;D:\cargospot-maven\mvn-local-repo\org\slf4j\slf4j-api\1.7.25\slf4j-api-1.7.25.jar;D:\cargospot-maven\mvn-local-repo\org\slf4j\slf4j-jdk14\1.7.25\slf4j-jdk14-1.7.25.jar;"/>
    <property name="sun.cpu.endian" value="little"/>
    <property name="user.home" value="C:\Users\alexanen"/>
    <property name="user.language" value="en"/>
    <property name="java.specification.vendor" value="Oracle Corporation"/>
    <property name="java.home" value="D:\cargospot-maven\dev-tools\jdk\jdk1.8.0_152\jre"/>
    <property name="basedir" value="C:\Users\alexanen\Desktop\CursAOP\HRManagement"/>
    <property name="file.separator" value="\"/>
    <property name="line.separator" value="&#10;"/>
    <property name="java.vm.specification.vendor" value="Oracle Corporation"/>
    <property name="java.specification.name" value="Java Platform API Specification"/>
    <property name="java.awt.graphicsenv" value="sun.awt.Win32GraphicsEnvironment"/>
    <property name="surefire.real.class.path" value="C:\Users\alexanen\AppData\Local\Temp\surefire3798912606482833044\surefirebooter3971176919578069898.jar"/>
    <property name="sun.boot.class.path" value="D:\cargospot-maven\dev-tools\jdk\jdk1.8.0_152\jre\lib\resources.jar;D:\cargospot-maven\dev-tools\jdk\jdk1.8.0_152\jre\lib\rt.jar;D:\cargospot-maven\dev-tools\jdk\jdk1.8.0_152\jre\lib\sunrsasign.jar;D:\cargospot-maven\dev-tools\jdk\jdk1.8.0_152\jre\lib\jsse.jar;D:\cargospot-maven\dev-tools\jdk\jdk1.8.0_152\jre\lib\jce.jar;D:\cargospot-maven\dev-tools\jdk\jdk1.8.0_152\jre\lib\charsets.jar;D:\cargospot-maven\dev-tools\jdk\jdk1.8.0_152\jre\lib\jfr.jar;D:\cargospot-maven\dev-tools\jdk\jdk1.8.0_152\jre\classes"/>
    <property name="user.script" value=""/>
    <property name="sun.management.compiler" value="HotSpot 64-Bit Tiered Compilers"/>
    <property name="java.runtime.version" value="1.8.0_152-b16"/>
    <property name="user.name" value="alexanen"/>
    <property name="path.separator" value=";"/>
    <property name="os.version" value="10.0"/>
    <property name="java.endorsed.dirs" value="D:\cargospot-maven\dev-tools\jdk\jdk1.8.0_152\jre\lib\endorsed"/>
    <property name="java.runtime.name" value="Java(TM) SE Runtime Environment"/>
    <property name="file.encoding" value="Cp1250"/>
    <property name="java.vm.name" value="Java HotSpot(TM) 64-Bit Server VM"/>
    <property name="localRepository" value="D:\cargospot-maven\mvn-local-repo"/>
    <property name="java.vendor.url.bug" value="http://bugreport.sun.com/bugreport/"/>
    <property name="java.io.tmpdir" value="C:\Users\alexanen\AppData\Local\Temp\"/>
    <property name="java.version" value="1.8.0_152"/>
    <property name="user.dir" value="C:\Users\alexanen\Desktop\CursAOP\HRManagement"/>
    <property name="os.arch" value="amd64"/>
    <property name="java.vm.specification.name" value="Java Virtual Machine Specification"/>
    <property name="java.awt.printerjob" value="sun.awt.windows.WPrinterJob"/>
    <property name="user.language.format" value="ro"/>
    <property name="sun.os.patch.level" value=""/>
    <property name="java.library.path" value="D:\cargospot-maven\dev-tools\jdk\jdk1.8.0_152\jre\bin;C:\windows\Sun\Java\bin;C:\windows\system32;C:\windows;C:\Program Files (x86)\Seagate Software\NOTES\;C:\Program Files (x86)\Seagate Software\NOTES\DATA\;D:\app\alexanen\product\11.2.0\dbhome_1\bin;C:\Program Files (x86)\Common Files\Oracle\Java\javapath;C:\windows\system32;C:\windows;C:\windows\System32\Wbem;C:\windows\System32\WindowsPowerShell\v1.0\;C:\windows\System32\OpenSSH\;D:\cargospot-maven\dev-tools\jdk\jdk1.8.0_152\bin;D:\cargospot-maven\dev-tools\apache-maven-3.3.3\bin;C:\Program Files\Git\cmd;C:\Program Files\TortoiseSVN\bin;C:\Program Files (x86)\Microsoft SQL Server\140\Tools\Binn\;C:\Program Files\Microsoft SQL Server\140\Tools\Binn\;C:\Program Files (x86)\Microsoft SQL Server\140\DTS\Binn\;C:\Program Files\Microsoft SQL Server\140\DTS\Binn\;C:\Program Files\Microsoft SQL Server\Client SDK\ODBC\130\Tools\Binn\;C:\Program Files (x86)\Microsoft SQL Server\Client SDK\ODBC\130\Tools\Binn\;C:\Program Files (x86)\Microsoft SQL Server\140\Tools\Binn\ManagementStudio\;C:\Program Files\Microsoft SQL Server Migration Assistant for Oracle\bin\;C:\Program Files\nodejs\;C:\Program Files\PuTTY\;C:\Program Files\dotnet\;C:\Program Files\Docker\Docker\resources\bin;C:\ProgramData\DockerDesktop\version-bin;C:\Program Files\Microsoft SQL Server\130\Tools\Binn\;C:\Program Files\Microsoft SQL Server\Client SDK\ODBC\170\Tools\Binn\;C:\Users\alexanen\AppData\Local\Programs\Python\Python37\Scripts\;C:\Users\alexanen\AppData\Local\Programs\Python\Python37\;C:\Users\alexanen\AppData\Local\Microsoft\WindowsApps;;C:\Users\alexanen\AppData\Local\Programs\Microsoft VS Code\bin;C:\Users\alexanen\AppData\Roaming\npm;."/>
    <property name="java.vm.info" value="mixed mode"/>
    <property name="java.vendor" value="Oracle Corporation"/>
    <property name="java.vm.version" value="25.152-b16"/>
    <property name="java.ext.dirs" value="D:\cargospot-maven\dev-tools\jdk\jdk1.8.0_152\jre\lib\ext;C:\windows\Sun\Java\lib\ext"/>
    <property name="sun.io.unicode.encoding" value="UnicodeLittle"/>
    <property name="java.class.version" value="52.0"/>
  </properties>
  <testcase name="list_ShouldAddFunctieEntriesToModelAndRenderFunctieListView" classname="com.apbdoo.hrm.controller.FunctieControllerTest" time="1.087"/>
  <testcase name="view_FunctieFound_ShouldAddFunctieEntryAndRenderFunctieView" classname="com.apbdoo.hrm.controller.FunctieControllerTest" time="0.303"/>
</testsuite>